{"C:\\Users\\AMIT YADAV\\OneDrive\\Desktop\\Applications\\JMDSchoolDesk\\src\\context\\NotificationContext.js": {"path":"C:\\Users\\AMIT YADAV\\OneDrive\\Desktop\\Applications\\JMDSchoolDesk\\src\\context\\NotificationContext.js","statementMap":{"0":{"start":{"line":16,"column":18},"end":{"line":16,"column":44}},"1":{"start":{"line":18,"column":28},"end":{"line":18,"column":47}},"2":{"start":{"line":21,"column":22},"end":{"line":21,"column":31}},"3":{"start":{"line":22,"column":44},"end":{"line":22,"column":56}},"4":{"start":{"line":23,"column":44},"end":{"line":23,"column":55}},"5":{"start":{"line":24,"column":44},"end":{"line":24,"column":59}},"6":{"start":{"line":25,"column":28},"end":{"line":25,"column":38}},"7":{"start":{"line":26,"column":28},"end":{"line":26,"column":37}},"8":{"start":{"line":30,"column":30},"end":{"line":39,"column":8}},"9":{"start":{"line":31,"column":4},"end":{"line":31,"column":36}},"10":{"start":{"line":32,"column":4},"end":{"line":32,"column":27}},"11":{"start":{"line":33,"column":4},"end":{"line":33,"column":53}},"12":{"start":{"line":33,"column":36},"end":{"line":33,"column":43}},"13":{"start":{"line":34,"column":4},"end":{"line":38,"column":5}},"14":{"start":{"line":35,"column":6},"end":{"line":35,"column":72}},"15":{"start":{"line":41,"column":24},"end":{"line":53,"column":8}},"16":{"start":{"line":42,"column":4},"end":{"line":52,"column":5}},"17":{"start":{"line":43,"column":18},"end":{"line":43,"column":55}},"18":{"start":{"line":44,"column":6},"end":{"line":49,"column":7}},"19":{"start":{"line":45,"column":23},"end":{"line":45,"column":38}},"20":{"start":{"line":46,"column":8},"end":{"line":46,"column":42}},"21":{"start":{"line":47,"column":8},"end":{"line":47,"column":33}},"22":{"start":{"line":48,"column":8},"end":{"line":48,"column":59}},"23":{"start":{"line":48,"column":42},"end":{"line":48,"column":49}},"24":{"start":{"line":59,"column":23},"end":{"line":70,"column":30}},"25":{"start":{"line":60,"column":4},"end":{"line":60,"column":18}},"26":{"start":{"line":61,"column":4},"end":{"line":61,"column":34}},"27":{"start":{"line":62,"column":4},"end":{"line":62,"column":25}},"28":{"start":{"line":63,"column":4},"end":{"line":63,"column":22}},"29":{"start":{"line":64,"column":4},"end":{"line":68,"column":5}},"30":{"start":{"line":65,"column":6},"end":{"line":65,"column":47}},"31":{"start":{"line":69,"column":4},"end":{"line":69,"column":65}},"32":{"start":{"line":69,"column":32},"end":{"line":69,"column":65}},"33":{"start":{"line":72,"column":15},"end":{"line":87,"column":41}},"34":{"start":{"line":73,"column":4},"end":{"line":73,"column":21}},"35":{"start":{"line":74,"column":4},"end":{"line":86,"column":5}},"36":{"start":{"line":75,"column":19},"end":{"line":75,"column":50}},"37":{"start":{"line":76,"column":6},"end":{"line":76,"column":44}},"38":{"start":{"line":78,"column":6},"end":{"line":81,"column":7}},"39":{"start":{"line":79,"column":8},"end":{"line":79,"column":29}},"40":{"start":{"line":80,"column":8},"end":{"line":80,"column":15}},"41":{"start":{"line":85,"column":6},"end":{"line":85,"column":24}},"42":{"start":{"line":91,"column":29},"end":{"line":91,"column":33}},"43":{"start":{"line":93,"column":19},"end":{"line":113,"column":41}},"44":{"start":{"line":94,"column":17},"end":{"line":94,"column":41}},"45":{"start":{"line":95,"column":22},"end":{"line":95,"column":32}},"46":{"start":{"line":97,"column":17},"end":{"line":97,"column":72}},"47":{"start":{"line":97,"column":32},"end":{"line":97,"column":70}},"48":{"start":{"line":98,"column":4},"end":{"line":98,"column":36}},"49":{"start":{"line":100,"column":26},"end":{"line":100,"column":61}},"50":{"start":{"line":101,"column":4},"end":{"line":111,"column":5}},"51":{"start":{"line":102,"column":6},"end":{"line":105,"column":7}},"52":{"start":{"line":103,"column":8},"end":{"line":103,"column":29}},"53":{"start":{"line":104,"column":8},"end":{"line":104,"column":36}},"54":{"start":{"line":108,"column":6},"end":{"line":108,"column":69}},"55":{"start":{"line":108,"column":49},"end":{"line":108,"column":69}},"56":{"start":{"line":109,"column":6},"end":{"line":109,"column":38}},"57":{"start":{"line":110,"column":6},"end":{"line":110,"column":34}},"58":{"start":{"line":112,"column":4},"end":{"line":112,"column":24}},"59":{"start":{"line":115,"column":22},"end":{"line":143,"column":41}},"60":{"start":{"line":116,"column":17},"end":{"line":116,"column":41}},"61":{"start":{"line":117,"column":15},"end":{"line":117,"column":25}},"62":{"start":{"line":118,"column":4},"end":{"line":118,"column":35}},"63":{"start":{"line":120,"column":17},"end":{"line":120,"column":54}},"64":{"start":{"line":120,"column":32},"end":{"line":120,"column":52}},"65":{"start":{"line":121,"column":4},"end":{"line":121,"column":36}},"66":{"start":{"line":123,"column":26},"end":{"line":123,"column":62}},"67":{"start":{"line":124,"column":4},"end":{"line":141,"column":5}},"68":{"start":{"line":125,"column":6},"end":{"line":128,"column":7}},"69":{"start":{"line":126,"column":8},"end":{"line":126,"column":29}},"70":{"start":{"line":127,"column":8},"end":{"line":127,"column":36}},"71":{"start":{"line":129,"column":6},"end":{"line":129,"column":38}},"72":{"start":{"line":134,"column":6},"end":{"line":136,"column":7}},"73":{"start":{"line":135,"column":8},"end":{"line":135,"column":38}},"74":{"start":{"line":137,"column":6},"end":{"line":139,"column":7}},"75":{"start":{"line":140,"column":6},"end":{"line":140,"column":34}},"76":{"start":{"line":142,"column":4},"end":{"line":142,"column":24}},"77":{"start":{"line":145,"column":34},"end":{"line":151,"column":21}},"78":{"start":{"line":146,"column":4},"end":{"line":149,"column":5}},"79":{"start":{"line":147,"column":6},"end":{"line":147,"column":80}},"80":{"start":{"line":148,"column":6},"end":{"line":148,"column":18}},"81":{"start":{"line":150,"column":4},"end":{"line":150,"column":17}},"82":{"start":{"line":153,"column":2},"end":{"line":192,"column":53}},"83":{"start":{"line":154,"column":18},"end":{"line":154,"column":22}},"84":{"start":{"line":155,"column":4},"end":{"line":172,"column":9}},"85":{"start":{"line":156,"column":6},"end":{"line":156,"column":28}},"86":{"start":{"line":157,"column":6},"end":{"line":157,"column":27}},"87":{"start":{"line":157,"column":20},"end":{"line":157,"column":27}},"88":{"start":{"line":158,"column":6},"end":{"line":158,"column":19}},"89":{"start":{"line":163,"column":6},"end":{"line":171,"column":7}},"90":{"start":{"line":164,"column":29},"end":{"line":164,"column":83}},"91":{"start":{"line":165,"column":8},"end":{"line":168,"column":9}},"92":{"start":{"line":166,"column":23},"end":{"line":166,"column":79}},"93":{"start":{"line":167,"column":10},"end":{"line":167,"column":40}},"94":{"start":{"line":174,"column":24},"end":{"line":178,"column":6}},"95":{"start":{"line":177,"column":6},"end":{"line":177,"column":29}},"96":{"start":{"line":180,"column":24},"end":{"line":185,"column":6}},"97":{"start":{"line":181,"column":19},"end":{"line":181,"column":71}},"98":{"start":{"line":182,"column":6},"end":{"line":184,"column":7}},"99":{"start":{"line":183,"column":8},"end":{"line":183,"column":31}},"100":{"start":{"line":187,"column":4},"end":{"line":191,"column":6}},"101":{"start":{"line":188,"column":6},"end":{"line":188,"column":22}},"102":{"start":{"line":189,"column":6},"end":{"line":189,"column":44}},"103":{"start":{"line":189,"column":12},"end":{"line":189,"column":33}},"104":{"start":{"line":190,"column":6},"end":{"line":190,"column":44}},"105":{"start":{"line":190,"column":12},"end":{"line":190,"column":33}},"106":{"start":{"line":194,"column":2},"end":{"line":208,"column":4}},"107":{"start":{"line":212,"column":14},"end":{"line":212,"column":45}},"108":{"start":{"line":213,"column":2},"end":{"line":213,"column":89}},"109":{"start":{"line":213,"column":12},"end":{"line":213,"column":89}},"110":{"start":{"line":214,"column":2},"end":{"line":214,"column":13}}},"fnMap":{"0":{"name":"NotificationProvider","decl":{"start":{"line":20,"column":16},"end":{"line":20,"column":36}},"loc":{"start":{"line":20,"column":66},"end":{"line":209,"column":1}},"line":20},"1":{"name":"(anonymous_1)","decl":{"start":{"line":30,"column":42},"end":{"line":30,"column":43}},"loc":{"start":{"line":30,"column":58},"end":{"line":39,"column":3}},"line":30},"2":{"name":"(anonymous_2)","decl":{"start":{"line":33,"column":31},"end":{"line":33,"column":32}},"loc":{"start":{"line":33,"column":36},"end":{"line":33,"column":43}},"line":33},"3":{"name":"(anonymous_3)","decl":{"start":{"line":41,"column":36},"end":{"line":41,"column":37}},"loc":{"start":{"line":41,"column":48},"end":{"line":53,"column":3}},"line":41},"4":{"name":"(anonymous_4)","decl":{"start":{"line":48,"column":37},"end":{"line":48,"column":38}},"loc":{"start":{"line":48,"column":42},"end":{"line":48,"column":49}},"line":48},"5":{"name":"(anonymous_5)","decl":{"start":{"line":59,"column":35},"end":{"line":59,"column":36}},"loc":{"start":{"line":59,"column":47},"end":{"line":70,"column":3}},"line":59},"6":{"name":"(anonymous_6)","decl":{"start":{"line":72,"column":27},"end":{"line":72,"column":28}},"loc":{"start":{"line":72,"column":39},"end":{"line":87,"column":3}},"line":72},"7":{"name":"(anonymous_7)","decl":{"start":{"line":93,"column":31},"end":{"line":93,"column":32}},"loc":{"start":{"line":93,"column":45},"end":{"line":113,"column":3}},"line":93},"8":{"name":"(anonymous_8)","decl":{"start":{"line":97,"column":26},"end":{"line":97,"column":27}},"loc":{"start":{"line":97,"column":32},"end":{"line":97,"column":70}},"line":97},"9":{"name":"(anonymous_9)","decl":{"start":{"line":115,"column":34},"end":{"line":115,"column":35}},"loc":{"start":{"line":115,"column":69},"end":{"line":143,"column":3}},"line":115},"10":{"name":"(anonymous_10)","decl":{"start":{"line":120,"column":26},"end":{"line":120,"column":27}},"loc":{"start":{"line":120,"column":32},"end":{"line":120,"column":52}},"line":120},"11":{"name":"(anonymous_11)","decl":{"start":{"line":145,"column":46},"end":{"line":145,"column":47}},"loc":{"start":{"line":145,"column":56},"end":{"line":151,"column":3}},"line":145},"12":{"name":"(anonymous_12)","decl":{"start":{"line":153,"column":12},"end":{"line":153,"column":13}},"loc":{"start":{"line":153,"column":18},"end":{"line":192,"column":3}},"line":153},"13":{"name":"(anonymous_13)","decl":{"start":{"line":155,"column":5},"end":{"line":155,"column":6}},"loc":{"start":{"line":155,"column":17},"end":{"line":172,"column":5}},"line":155},"14":{"name":"(anonymous_14)","decl":{"start":{"line":174,"column":70},"end":{"line":174,"column":71}},"loc":{"start":{"line":174,"column":76},"end":{"line":178,"column":5}},"line":174},"15":{"name":"(anonymous_15)","decl":{"start":{"line":177,"column":19},"end":{"line":177,"column":20}},"loc":{"start":{"line":177,"column":25},"end":{"line":177,"column":27}},"line":177},"16":{"name":"(anonymous_16)","decl":{"start":{"line":180,"column":78},"end":{"line":180,"column":79}},"loc":{"start":{"line":180,"column":92},"end":{"line":185,"column":5}},"line":180},"17":{"name":"(anonymous_17)","decl":{"start":{"line":183,"column":21},"end":{"line":183,"column":22}},"loc":{"start":{"line":183,"column":27},"end":{"line":183,"column":29}},"line":183},"18":{"name":"(anonymous_18)","decl":{"start":{"line":187,"column":11},"end":{"line":187,"column":12}},"loc":{"start":{"line":187,"column":17},"end":{"line":191,"column":5}},"line":187},"19":{"name":"useNotifications","decl":{"start":{"line":211,"column":16},"end":{"line":211,"column":32}},"loc":{"start":{"line":211,"column":35},"end":{"line":215,"column":1}},"line":211}},"branchMap":{"0":{"loc":{"start":{"line":35,"column":59},"end":{"line":35,"column":69}},"type":"binary-expr","locations":[{"start":{"line":35,"column":59},"end":{"line":35,"column":63}},{"start":{"line":35,"column":67},"end":{"line":35,"column":69}}],"line":35},"1":{"loc":{"start":{"line":44,"column":6},"end":{"line":49,"column":7}},"type":"if","locations":[{"start":{"line":44,"column":6},"end":{"line":49,"column":7}},{"start":{},"end":{}}],"line":44},"2":{"loc":{"start":{"line":69,"column":4},"end":{"line":69,"column":65}},"type":"if","locations":[{"start":{"line":69,"column":4},"end":{"line":69,"column":65}},{"start":{},"end":{}}],"line":69},"3":{"loc":{"start":{"line":76,"column":32},"end":{"line":76,"column":42}},"type":"binary-expr","locations":[{"start":{"line":76,"column":32},"end":{"line":76,"column":36}},{"start":{"line":76,"column":40},"end":{"line":76,"column":42}}],"line":76},"4":{"loc":{"start":{"line":78,"column":6},"end":{"line":81,"column":7}},"type":"if","locations":[{"start":{"line":78,"column":6},"end":{"line":81,"column":7}},{"start":{},"end":{}}],"line":78},"5":{"loc":{"start":{"line":97,"column":32},"end":{"line":97,"column":70}},"type":"cond-expr","locations":[{"start":{"line":97,"column":46},"end":{"line":97,"column":66}},{"start":{"line":97,"column":69},"end":{"line":97,"column":70}}],"line":97},"6":{"loc":{"start":{"line":101,"column":4},"end":{"line":111,"column":5}},"type":"if","locations":[{"start":{"line":101,"column":4},"end":{"line":111,"column":5}},{"start":{},"end":{}}],"line":101},"7":{"loc":{"start":{"line":102,"column":6},"end":{"line":105,"column":7}},"type":"if","locations":[{"start":{"line":102,"column":6},"end":{"line":105,"column":7}},{"start":{},"end":{}}],"line":102},"8":{"loc":{"start":{"line":108,"column":6},"end":{"line":108,"column":69}},"type":"if","locations":[{"start":{"line":108,"column":6},"end":{"line":108,"column":69}},{"start":{},"end":{}}],"line":108},"9":{"loc":{"start":{"line":115,"column":41},"end":{"line":115,"column":64}},"type":"default-arg","locations":[{"start":{"line":115,"column":62},"end":{"line":115,"column":64}}],"line":115},"10":{"loc":{"start":{"line":115,"column":43},"end":{"line":115,"column":57}},"type":"default-arg","locations":[{"start":{"line":115,"column":52},"end":{"line":115,"column":57}}],"line":115},"11":{"loc":{"start":{"line":124,"column":4},"end":{"line":141,"column":5}},"type":"if","locations":[{"start":{"line":124,"column":4},"end":{"line":141,"column":5}},{"start":{},"end":{}}],"line":124},"12":{"loc":{"start":{"line":125,"column":6},"end":{"line":128,"column":7}},"type":"if","locations":[{"start":{"line":125,"column":6},"end":{"line":128,"column":7}},{"start":{},"end":{}}],"line":125},"13":{"loc":{"start":{"line":134,"column":6},"end":{"line":136,"column":7}},"type":"if","locations":[{"start":{"line":134,"column":6},"end":{"line":136,"column":7}},{"start":{},"end":{}}],"line":134},"14":{"loc":{"start":{"line":137,"column":6},"end":{"line":139,"column":7}},"type":"if","locations":[{"start":{"line":137,"column":6},"end":{"line":139,"column":7}},{"start":{},"end":{}}],"line":137},"15":{"loc":{"start":{"line":146,"column":4},"end":{"line":149,"column":5}},"type":"if","locations":[{"start":{"line":146,"column":4},"end":{"line":149,"column":5}},{"start":{},"end":{}}],"line":146},"16":{"loc":{"start":{"line":157,"column":6},"end":{"line":157,"column":27}},"type":"if","locations":[{"start":{"line":157,"column":6},"end":{"line":157,"column":27}},{"start":{},"end":{}}],"line":157},"17":{"loc":{"start":{"line":165,"column":8},"end":{"line":168,"column":9}},"type":"if","locations":[{"start":{"line":165,"column":8},"end":{"line":168,"column":9}},{"start":{},"end":{}}],"line":165},"18":{"loc":{"start":{"line":165,"column":12},"end":{"line":165,"column":35}},"type":"binary-expr","locations":[{"start":{"line":165,"column":12},"end":{"line":165,"column":19}},{"start":{"line":165,"column":23},"end":{"line":165,"column":35}}],"line":165},"19":{"loc":{"start":{"line":166,"column":23},"end":{"line":166,"column":79}},"type":"binary-expr","locations":[{"start":{"line":166,"column":23},"end":{"line":166,"column":73}},{"start":{"line":166,"column":77},"end":{"line":166,"column":79}}],"line":166},"20":{"loc":{"start":{"line":181,"column":19},"end":{"line":181,"column":71}},"type":"binary-expr","locations":[{"start":{"line":181,"column":19},"end":{"line":181,"column":65}},{"start":{"line":181,"column":69},"end":{"line":181,"column":71}}],"line":181},"21":{"loc":{"start":{"line":182,"column":6},"end":{"line":184,"column":7}},"type":"if","locations":[{"start":{"line":182,"column":6},"end":{"line":184,"column":7}},{"start":{},"end":{}}],"line":182},"22":{"loc":{"start":{"line":213,"column":2},"end":{"line":213,"column":89}},"type":"if","locations":[{"start":{"line":213,"column":2},"end":{"line":213,"column":89}},{"start":{},"end":{}}],"line":213}},"s":{"0":4,"1":4,"2":48,"3":48,"4":48,"5":48,"6":48,"7":48,"8":48,"9":39,"10":39,"11":39,"12":76,"13":39,"14":39,"15":48,"16":27,"17":27,"18":27,"19":17,"20":17,"21":17,"22":17,"23":33,"24":48,"25":3,"26":3,"27":3,"28":3,"29":3,"30":3,"31":3,"32":3,"33":48,"34":28,"35":28,"36":28,"37":26,"38":2,"39":1,"40":1,"41":28,"42":48,"43":48,"44":6,"45":6,"46":6,"47":12,"48":6,"49":6,"50":6,"51":5,"52":1,"53":1,"54":4,"55":1,"56":3,"57":3,"58":1,"59":48,"60":3,"61":3,"62":3,"63":3,"64":6,"65":3,"66":3,"67":3,"68":2,"69":1,"70":1,"71":1,"72":1,"73":1,"74":1,"75":1,"76":1,"77":48,"78":0,"79":0,"80":0,"81":0,"82":48,"83":27,"84":27,"85":27,"86":27,"87":0,"88":27,"89":27,"90":27,"91":27,"92":0,"93":0,"94":27,"95":0,"96":27,"97":0,"98":0,"99":0,"100":27,"101":27,"102":27,"103":27,"104":27,"105":27,"106":48,"107":32,"108":32,"109":0,"110":32},"f":{"0":48,"1":39,"2":76,"3":27,"4":33,"5":3,"6":28,"7":6,"8":12,"9":3,"10":6,"11":0,"12":27,"13":27,"14":0,"15":0,"16":0,"17":0,"18":27,"19":32},"b":{"0":[39,0],"1":[17,10],"2":[3,0],"3":[26,0],"4":[1,1],"5":[6,6],"6":[5,1],"7":[1,4],"8":[1,3],"9":[3],"10":[3],"11":[2,1],"12":[1,1],"13":[1,0],"14":[1,0],"15":[0,0],"16":[0,27],"17":[0,27],"18":[27,27],"19":[0,0],"20":[0,0],"21":[0,0],"22":[0,32]},"_coverageSchema":"1a1c01bbd47fc00a2c39e90264f33305004495a9","hash":"953566a08d3b9bed75548947385adb859a44e431"}
,"C:\\Users\\AMIT YADAV\\OneDrive\\Desktop\\Applications\\JMDSchoolDesk\\src\\services\\apiService.js": {"path":"C:\\Users\\AMIT YADAV\\OneDrive\\Desktop\\Applications\\JMDSchoolDesk\\src\\services\\apiService.js","statementMap":{"0":{"start":{"line":8,"column":18},"end":{"line":8,"column":58}},"1":{"start":{"line":9,"column":18},"end":{"line":9,"column":53}},"2":{"start":{"line":13,"column":25},"end":{"line":13,"column":30}},"3":{"start":{"line":15,"column":24},"end":{"line":15,"column":77}},"4":{"start":{"line":18,"column":20},"end":{"line":18,"column":39}},"5":{"start":{"line":19,"column":20},"end":{"line":19,"column":40}},"6":{"start":{"line":20,"column":20},"end":{"line":20,"column":31}},"7":{"start":{"line":24,"column":2},"end":{"line":27,"column":5}},"8":{"start":{"line":30,"column":42},"end":{"line":30,"column":82}},"9":{"start":{"line":31,"column":42},"end":{"line":31,"column":83}},"10":{"start":{"line":34,"column":2},"end":{"line":34,"column":61}},"11":{"start":{"line":37,"column":14},"end":{"line":37,"column":50}},"12":{"start":{"line":38,"column":2},"end":{"line":38,"column":38}},"13":{"start":{"line":42,"column":2},"end":{"line":42,"column":70}},"14":{"start":{"line":47,"column":21},"end":{"line":47,"column":42}},"15":{"start":{"line":48,"column":16},"end":{"line":48,"column":56}},"16":{"start":{"line":48,"column":33},"end":{"line":48,"column":51}},"17":{"start":{"line":49,"column":2},"end":{"line":50,"column":40}},"18":{"start":{"line":50,"column":19},"end":{"line":50,"column":38}},"19":{"start":{"line":55,"column":2},"end":{"line":55,"column":84}},"20":{"start":{"line":55,"column":54},"end":{"line":55,"column":84}},"21":{"start":{"line":56,"column":2},"end":{"line":56,"column":52}},"22":{"start":{"line":63,"column":2},"end":{"line":70,"column":3}},"23":{"start":{"line":64,"column":4},"end":{"line":64,"column":45}},"24":{"start":{"line":66,"column":4},"end":{"line":68,"column":5}},"25":{"start":{"line":67,"column":6},"end":{"line":67,"column":74}},"26":{"start":{"line":69,"column":4},"end":{"line":69,"column":102}},"27":{"start":{"line":74,"column":22},"end":{"line":74,"column":44}},"28":{"start":{"line":76,"column":18},"end":{"line":80,"column":3}},"29":{"start":{"line":82,"column":18},"end":{"line":82,"column":73}},"30":{"start":{"line":84,"column":17},"end":{"line":84,"column":91}},"31":{"start":{"line":87,"column":2},"end":{"line":105,"column":3}},"32":{"start":{"line":88,"column":22},"end":{"line":88,"column":40}},"33":{"start":{"line":89,"column":4},"end":{"line":92,"column":5}},"34":{"start":{"line":90,"column":6},"end":{"line":90,"column":27}},"35":{"start":{"line":91,"column":6},"end":{"line":91,"column":43}},"36":{"start":{"line":93,"column":21},"end":{"line":93,"column":43}},"37":{"start":{"line":94,"column":4},"end":{"line":98,"column":7}},"38":{"start":{"line":101,"column":4},"end":{"line":104,"column":5}},"39":{"start":{"line":102,"column":6},"end":{"line":102,"column":27}},"40":{"start":{"line":103,"column":6},"end":{"line":103,"column":43}},"41":{"start":{"line":107,"column":15},"end":{"line":107,"column":39}},"42":{"start":{"line":108,"column":2},"end":{"line":108,"column":57}},"43":{"start":{"line":108,"column":21},"end":{"line":108,"column":57}},"44":{"start":{"line":109,"column":2},"end":{"line":109,"column":14}},"45":{"start":{"line":120,"column":2},"end":{"line":124,"column":3}},"46":{"start":{"line":121,"column":4},"end":{"line":121,"column":33}},"47":{"start":{"line":123,"column":4},"end":{"line":123,"column":76}},"48":{"start":{"line":126,"column":17},"end":{"line":126,"column":90}},"49":{"start":{"line":129,"column":2},"end":{"line":132,"column":3}},"50":{"start":{"line":130,"column":4},"end":{"line":130,"column":46}},"51":{"start":{"line":130,"column":21},"end":{"line":130,"column":46}},"52":{"start":{"line":131,"column":4},"end":{"line":131,"column":76}},"53":{"start":{"line":135,"column":2},"end":{"line":137,"column":3}},"54":{"start":{"line":136,"column":4},"end":{"line":136,"column":76}},"55":{"start":{"line":139,"column":2},"end":{"line":143,"column":3}},"56":{"start":{"line":140,"column":4},"end":{"line":140,"column":28}},"57":{"start":{"line":142,"column":4},"end":{"line":142,"column":76}},"58":{"start":{"line":146,"column":22},"end":{"line":146,"column":26}},"59":{"start":{"line":149,"column":2},"end":{"line":149,"column":46}},"60":{"start":{"line":149,"column":23},"end":{"line":149,"column":46}},"61":{"start":{"line":150,"column":2},"end":{"line":150,"column":76}},"62":{"start":{"line":150,"column":49},"end":{"line":150,"column":72}},"63":{"start":{"line":151,"column":2},"end":{"line":151,"column":25}},"64":{"start":{"line":155,"column":2},"end":{"line":179,"column":3}},"65":{"start":{"line":156,"column":25},"end":{"line":156,"column":48}},"66":{"start":{"line":157,"column":4},"end":{"line":157,"column":36}},"67":{"start":{"line":157,"column":23},"end":{"line":157,"column":36}},"68":{"start":{"line":159,"column":16},"end":{"line":163,"column":6}},"69":{"start":{"line":168,"column":19},"end":{"line":168,"column":87}},"70":{"start":{"line":169,"column":4},"end":{"line":169,"column":41}},"71":{"start":{"line":169,"column":28},"end":{"line":169,"column":41}},"72":{"start":{"line":171,"column":17},"end":{"line":171,"column":33}},"73":{"start":{"line":172,"column":4},"end":{"line":175,"column":5}},"74":{"start":{"line":173,"column":6},"end":{"line":173,"column":70}},"75":{"start":{"line":174,"column":6},"end":{"line":174,"column":18}},"76":{"start":{"line":176,"column":4},"end":{"line":176,"column":17}},"77":{"start":{"line":178,"column":4},"end":{"line":178,"column":17}},"78":{"start":{"line":183,"column":23},"end":{"line":249,"column":1}},"79":{"start":{"line":185,"column":17},"end":{"line":188,"column":6}},"80":{"start":{"line":189,"column":4},"end":{"line":189,"column":68}},"81":{"start":{"line":190,"column":4},"end":{"line":190,"column":35}},"82":{"start":{"line":191,"column":4},"end":{"line":191,"column":21}},"83":{"start":{"line":195,"column":4},"end":{"line":202,"column":7}},"84":{"start":{"line":206,"column":17},"end":{"line":206,"column":42}},"85":{"start":{"line":207,"column":4},"end":{"line":207,"column":21}},"86":{"start":{"line":211,"column":25},"end":{"line":211,"column":48}},"87":{"start":{"line":212,"column":4},"end":{"line":215,"column":23}},"88":{"start":{"line":216,"column":4},"end":{"line":216,"column":25}},"89":{"start":{"line":222,"column":4},"end":{"line":225,"column":7}},"90":{"start":{"line":233,"column":17},"end":{"line":236,"column":6}},"91":{"start":{"line":237,"column":4},"end":{"line":237,"column":21}},"92":{"start":{"line":243,"column":17},"end":{"line":246,"column":6}},"93":{"start":{"line":247,"column":4},"end":{"line":247,"column":21}},"94":{"start":{"line":254,"column":2},"end":{"line":261,"column":3}},"95":{"start":{"line":255,"column":4},"end":{"line":255,"column":55}},"96":{"start":{"line":257,"column":4},"end":{"line":259,"column":5}},"97":{"start":{"line":258,"column":6},"end":{"line":258,"column":74}},"98":{"start":{"line":260,"column":4},"end":{"line":260,"column":102}},"99":{"start":{"line":262,"column":15},"end":{"line":262,"column":34}},"100":{"start":{"line":263,"column":2},"end":{"line":263,"column":70}},"101":{"start":{"line":263,"column":21},"end":{"line":263,"column":70}},"102":{"start":{"line":264,"column":2},"end":{"line":264,"column":19}},"103":{"start":{"line":267,"column":22},"end":{"line":322,"column":1}},"104":{"start":{"line":269,"column":4},"end":{"line":269,"column":37}},"105":{"start":{"line":273,"column":4},"end":{"line":277,"column":5}},"106":{"start":{"line":274,"column":6},"end":{"line":274,"column":57}},"107":{"start":{"line":276,"column":6},"end":{"line":276,"column":18}},"108":{"start":{"line":281,"column":4},"end":{"line":285,"column":5}},"109":{"start":{"line":282,"column":6},"end":{"line":282,"column":58}},"110":{"start":{"line":284,"column":6},"end":{"line":284,"column":16}},"111":{"start":{"line":289,"column":14},"end":{"line":289,"column":65}},"112":{"start":{"line":290,"column":4},"end":{"line":290,"column":17}},"113":{"start":{"line":294,"column":4},"end":{"line":298,"column":5}},"114":{"start":{"line":295,"column":6},"end":{"line":295,"column":61}},"115":{"start":{"line":297,"column":6},"end":{"line":297,"column":18}},"116":{"start":{"line":302,"column":17},"end":{"line":302,"column":47}},"117":{"start":{"line":303,"column":4},"end":{"line":303,"column":21}},"118":{"start":{"line":307,"column":4},"end":{"line":312,"column":5}},"119":{"start":{"line":308,"column":19},"end":{"line":308,"column":48}},"120":{"start":{"line":309,"column":6},"end":{"line":309,"column":23}},"121":{"start":{"line":311,"column":6},"end":{"line":311,"column":18}},"122":{"start":{"line":317,"column":4},"end":{"line":320,"column":23}},"123":{"start":{"line":327,"column":25},"end":{"line":327,"column":88}},"124":{"start":{"line":330,"column":18},"end":{"line":333,"column":5}},"125":{"start":{"line":330,"column":51},"end":{"line":333,"column":3}},"126":{"start":{"line":334,"column":12},"end":{"line":334,"column":32}},"127":{"start":{"line":335,"column":18},"end":{"line":342,"column":3}},"128":{"start":{"line":343,"column":2},"end":{"line":343,"column":41}},"129":{"start":{"line":346,"column":29},"end":{"line":362,"column":1}},"130":{"start":{"line":348,"column":17},"end":{"line":348,"column":76}},"131":{"start":{"line":349,"column":4},"end":{"line":349,"column":42}},"132":{"start":{"line":353,"column":17},"end":{"line":353,"column":76}},"133":{"start":{"line":354,"column":4},"end":{"line":354,"column":98}},"134":{"start":{"line":354,"column":39},"end":{"line":354,"column":95}},"135":{"start":{"line":358,"column":17},"end":{"line":358,"column":54}},"136":{"start":{"line":359,"column":4},"end":{"line":359,"column":32}},"137":{"start":{"line":359,"column":20},"end":{"line":359,"column":32}},"138":{"start":{"line":360,"column":4},"end":{"line":360,"column":92}},"139":{"start":{"line":365,"column":32},"end":{"line":405,"column":1}},"140":{"start":{"line":369,"column":17},"end":{"line":369,"column":48}},"141":{"start":{"line":370,"column":4},"end":{"line":370,"column":27}},"142":{"start":{"line":380,"column":4},"end":{"line":385,"column":5}},"143":{"start":{"line":381,"column":6},"end":{"line":381,"column":69}},"144":{"start":{"line":382,"column":6},"end":{"line":382,"column":26}},"145":{"start":{"line":384,"column":6},"end":{"line":384,"column":47}},"146":{"start":{"line":389,"column":4},"end":{"line":394,"column":5}},"147":{"start":{"line":390,"column":6},"end":{"line":390,"column":67}},"148":{"start":{"line":391,"column":6},"end":{"line":391,"column":26}},"149":{"start":{"line":393,"column":6},"end":{"line":393,"column":47}},"150":{"start":{"line":398,"column":4},"end":{"line":403,"column":5}},"151":{"start":{"line":399,"column":6},"end":{"line":399,"column":65}},"152":{"start":{"line":400,"column":6},"end":{"line":400,"column":18}},"153":{"start":{"line":402,"column":6},"end":{"line":402,"column":19}}},"fnMap":{"0":{"name":"saveTokens","decl":{"start":{"line":23,"column":22},"end":{"line":23,"column":32}},"loc":{"start":{"line":23,"column":60},"end":{"line":28,"column":1}},"line":23},"1":{"name":"getAccessToken","decl":{"start":{"line":30,"column":22},"end":{"line":30,"column":36}},"loc":{"start":{"line":30,"column":40},"end":{"line":30,"column":84}},"line":30},"2":{"name":"getRefreshToken","decl":{"start":{"line":31,"column":22},"end":{"line":31,"column":37}},"loc":{"start":{"line":31,"column":40},"end":{"line":31,"column":85}},"line":31},"3":{"name":"saveUser","decl":{"start":{"line":33,"column":22},"end":{"line":33,"column":30}},"loc":{"start":{"line":33,"column":37},"end":{"line":35,"column":1}},"line":33},"4":{"name":"getUser","decl":{"start":{"line":36,"column":22},"end":{"line":36,"column":29}},"loc":{"start":{"line":36,"column":32},"end":{"line":39,"column":1}},"line":36},"5":{"name":"clearSession","decl":{"start":{"line":41,"column":22},"end":{"line":41,"column":34}},"loc":{"start":{"line":41,"column":37},"end":{"line":43,"column":1}},"line":41},"6":{"name":"fetchWithTimeout","decl":{"start":{"line":46,"column":9},"end":{"line":46,"column":25}},"loc":{"start":{"line":46,"column":52},"end":{"line":51,"column":1}},"line":46},"7":{"name":"(anonymous_7)","decl":{"start":{"line":48,"column":27},"end":{"line":48,"column":28}},"loc":{"start":{"line":48,"column":33},"end":{"line":48,"column":51}},"line":48},"8":{"name":"(anonymous_8)","decl":{"start":{"line":50,"column":13},"end":{"line":50,"column":14}},"loc":{"start":{"line":50,"column":19},"end":{"line":50,"column":38}},"line":50},"9":{"name":"extractError","decl":{"start":{"line":54,"column":9},"end":{"line":54,"column":21}},"loc":{"start":{"line":54,"column":28},"end":{"line":57,"column":1}},"line":54},"10":{"name":"doFetch","decl":{"start":{"line":62,"column":15},"end":{"line":62,"column":22}},"loc":{"start":{"line":62,"column":34},"end":{"line":71,"column":1}},"line":62},"11":{"name":"request","decl":{"start":{"line":73,"column":15},"end":{"line":73,"column":22}},"loc":{"start":{"line":73,"column":47},"end":{"line":110,"column":1}},"line":73},"12":{"name":"safeJson","decl":{"start":{"line":118,"column":15},"end":{"line":118,"column":23}},"loc":{"start":{"line":118,"column":34},"end":{"line":144,"column":1}},"line":118},"13":{"name":"tryRefresh","decl":{"start":{"line":148,"column":15},"end":{"line":148,"column":25}},"loc":{"start":{"line":148,"column":28},"end":{"line":152,"column":1}},"line":148},"14":{"name":"(anonymous_14)","decl":{"start":{"line":150,"column":41},"end":{"line":150,"column":42}},"loc":{"start":{"line":150,"column":47},"end":{"line":150,"column":74}},"line":150},"15":{"name":"_doRefresh","decl":{"start":{"line":154,"column":15},"end":{"line":154,"column":25}},"loc":{"start":{"line":154,"column":28},"end":{"line":180,"column":1}},"line":154},"16":{"name":"(anonymous_16)","decl":{"start":{"line":184,"column":2},"end":{"line":184,"column":3}},"loc":{"start":{"line":184,"column":36},"end":{"line":192,"column":3}},"line":184},"17":{"name":"(anonymous_17)","decl":{"start":{"line":194,"column":2},"end":{"line":194,"column":3}},"loc":{"start":{"line":194,"column":88},"end":{"line":203,"column":3}},"line":194},"18":{"name":"(anonymous_18)","decl":{"start":{"line":205,"column":2},"end":{"line":205,"column":3}},"loc":{"start":{"line":205,"column":13},"end":{"line":208,"column":3}},"line":205},"19":{"name":"(anonymous_19)","decl":{"start":{"line":210,"column":2},"end":{"line":210,"column":3}},"loc":{"start":{"line":210,"column":17},"end":{"line":217,"column":3}},"line":210},"20":{"name":"(anonymous_20)","decl":{"start":{"line":215,"column":13},"end":{"line":215,"column":14}},"loc":{"start":{"line":215,"column":19},"end":{"line":215,"column":21}},"line":215},"21":{"name":"(anonymous_21)","decl":{"start":{"line":219,"column":2},"end":{"line":219,"column":3}},"loc":{"start":{"line":219,"column":29},"end":{"line":226,"column":3}},"line":219},"22":{"name":"(anonymous_22)","decl":{"start":{"line":232,"column":2},"end":{"line":232,"column":3}},"loc":{"start":{"line":232,"column":37},"end":{"line":238,"column":3}},"line":232},"23":{"name":"(anonymous_23)","decl":{"start":{"line":242,"column":2},"end":{"line":242,"column":3}},"loc":{"start":{"line":242,"column":42},"end":{"line":248,"column":3}},"line":242},"24":{"name":"publicBusGet","decl":{"start":{"line":252,"column":15},"end":{"line":252,"column":27}},"loc":{"start":{"line":252,"column":34},"end":{"line":265,"column":1}},"line":252},"25":{"name":"(anonymous_25)","decl":{"start":{"line":268,"column":2},"end":{"line":268,"column":3}},"loc":{"start":{"line":268,"column":21},"end":{"line":270,"column":3}},"line":268},"26":{"name":"(anonymous_26)","decl":{"start":{"line":272,"column":2},"end":{"line":272,"column":3}},"loc":{"start":{"line":272,"column":26},"end":{"line":278,"column":3}},"line":272},"27":{"name":"(anonymous_27)","decl":{"start":{"line":280,"column":2},"end":{"line":280,"column":3}},"loc":{"start":{"line":280,"column":27},"end":{"line":286,"column":3}},"line":280},"28":{"name":"(anonymous_28)","decl":{"start":{"line":288,"column":2},"end":{"line":288,"column":3}},"loc":{"start":{"line":288,"column":33},"end":{"line":291,"column":3}},"line":288},"29":{"name":"(anonymous_29)","decl":{"start":{"line":293,"column":2},"end":{"line":293,"column":3}},"loc":{"start":{"line":293,"column":30},"end":{"line":299,"column":3}},"line":293},"30":{"name":"(anonymous_30)","decl":{"start":{"line":301,"column":2},"end":{"line":301,"column":3}},"loc":{"start":{"line":301,"column":22},"end":{"line":304,"column":3}},"line":301},"31":{"name":"(anonymous_31)","decl":{"start":{"line":306,"column":2},"end":{"line":306,"column":3}},"loc":{"start":{"line":306,"column":24},"end":{"line":313,"column":3}},"line":306},"32":{"name":"(anonymous_32)","decl":{"start":{"line":316,"column":2},"end":{"line":316,"column":3}},"loc":{"start":{"line":316,"column":38},"end":{"line":321,"column":3}},"line":316},"33":{"name":"(anonymous_33)","decl":{"start":{"line":320,"column":13},"end":{"line":320,"column":14}},"loc":{"start":{"line":320,"column":19},"end":{"line":320,"column":21}},"line":320},"34":{"name":"mapAttendanceResult","decl":{"start":{"line":329,"column":9},"end":{"line":329,"column":28}},"loc":{"start":{"line":329,"column":37},"end":{"line":344,"column":1}},"line":329},"35":{"name":"(anonymous_35)","decl":{"start":{"line":330,"column":45},"end":{"line":330,"column":46}},"loc":{"start":{"line":330,"column":51},"end":{"line":333,"column":3}},"line":330},"36":{"name":"(anonymous_36)","decl":{"start":{"line":347,"column":2},"end":{"line":347,"column":3}},"loc":{"start":{"line":347,"column":32},"end":{"line":350,"column":3}},"line":347},"37":{"name":"(anonymous_37)","decl":{"start":{"line":352,"column":2},"end":{"line":352,"column":3}},"loc":{"start":{"line":352,"column":27},"end":{"line":355,"column":3}},"line":352},"38":{"name":"(anonymous_38)","decl":{"start":{"line":354,"column":33},"end":{"line":354,"column":34}},"loc":{"start":{"line":354,"column":39},"end":{"line":354,"column":95}},"line":354},"39":{"name":"(anonymous_39)","decl":{"start":{"line":357,"column":2},"end":{"line":357,"column":3}},"loc":{"start":{"line":357,"column":19},"end":{"line":361,"column":3}},"line":357},"40":{"name":"(anonymous_40)","decl":{"start":{"line":366,"column":2},"end":{"line":366,"column":3}},"loc":{"start":{"line":366,"column":17},"end":{"line":371,"column":3}},"line":366},"41":{"name":"(anonymous_41)","decl":{"start":{"line":379,"column":2},"end":{"line":379,"column":3}},"loc":{"start":{"line":379,"column":21},"end":{"line":386,"column":3}},"line":379},"42":{"name":"(anonymous_42)","decl":{"start":{"line":388,"column":2},"end":{"line":388,"column":3}},"loc":{"start":{"line":388,"column":22},"end":{"line":395,"column":3}},"line":388},"43":{"name":"(anonymous_43)","decl":{"start":{"line":397,"column":2},"end":{"line":397,"column":3}},"loc":{"start":{"line":397,"column":21},"end":{"line":404,"column":3}},"line":397}},"branchMap":{"0":{"loc":{"start":{"line":15,"column":24},"end":{"line":15,"column":77}},"type":"cond-expr","locations":[{"start":{"line":15,"column":57},"end":{"line":15,"column":65}},{"start":{"line":15,"column":68},"end":{"line":15,"column":77}}],"line":15},"1":{"loc":{"start":{"line":15,"column":25},"end":{"line":15,"column":53}},"type":"binary-expr","locations":[{"start":{"line":15,"column":25},"end":{"line":15,"column":41}},{"start":{"line":15,"column":45},"end":{"line":15,"column":53}}],"line":15},"2":{"loc":{"start":{"line":38,"column":9},"end":{"line":38,"column":37}},"type":"cond-expr","locations":[{"start":{"line":38,"column":15},"end":{"line":38,"column":30}},{"start":{"line":38,"column":33},"end":{"line":38,"column":37}}],"line":38},"3":{"loc":{"start":{"line":46,"column":40},"end":{"line":46,"column":50}},"type":"default-arg","locations":[{"start":{"line":46,"column":45},"end":{"line":46,"column":50}}],"line":46},"4":{"loc":{"start":{"line":55,"column":2},"end":{"line":55,"column":84}},"type":"if","locations":[{"start":{"line":55,"column":2},"end":{"line":55,"column":84}},{"start":{},"end":{}}],"line":55},"5":{"loc":{"start":{"line":55,"column":6},"end":{"line":55,"column":52}},"type":"binary-expr","locations":[{"start":{"line":55,"column":6},"end":{"line":55,"column":10}},{"start":{"line":55,"column":14},"end":{"line":55,"column":25}},{"start":{"line":55,"column":29},"end":{"line":55,"column":52}}],"line":55},"6":{"loc":{"start":{"line":56,"column":9},"end":{"line":56,"column":51}},"type":"binary-expr","locations":[{"start":{"line":56,"column":10},"end":{"line":56,"column":14}},{"start":{"line":56,"column":18},"end":{"line":56,"column":30}},{"start":{"line":56,"column":35},"end":{"line":56,"column":51}}],"line":56},"7":{"loc":{"start":{"line":66,"column":4},"end":{"line":68,"column":5}},"type":"if","locations":[{"start":{"line":66,"column":4},"end":{"line":68,"column":5}},{"start":{},"end":{}}],"line":66},"8":{"loc":{"start":{"line":73,"column":33},"end":{"line":73,"column":45}},"type":"default-arg","locations":[{"start":{"line":73,"column":43},"end":{"line":73,"column":45}}],"line":73},"9":{"loc":{"start":{"line":78,"column":8},"end":{"line":78,"column":69}},"type":"cond-expr","locations":[{"start":{"line":78,"column":22},"end":{"line":78,"column":64}},{"start":{"line":78,"column":67},"end":{"line":78,"column":69}}],"line":78},"10":{"loc":{"start":{"line":82,"column":18},"end":{"line":82,"column":73}},"type":"cond-expr","locations":[{"start":{"line":82,"column":33},"end":{"line":82,"column":61}},{"start":{"line":82,"column":64},"end":{"line":82,"column":73}}],"line":82},"11":{"loc":{"start":{"line":87,"column":2},"end":{"line":105,"column":3}},"type":"if","locations":[{"start":{"line":87,"column":2},"end":{"line":105,"column":3}},{"start":{},"end":{}}],"line":87},"12":{"loc":{"start":{"line":89,"column":4},"end":{"line":92,"column":5}},"type":"if","locations":[{"start":{"line":89,"column":4},"end":{"line":92,"column":5}},{"start":{},"end":{}}],"line":89},"13":{"loc":{"start":{"line":101,"column":4},"end":{"line":104,"column":5}},"type":"if","locations":[{"start":{"line":101,"column":4},"end":{"line":104,"column":5}},{"start":{},"end":{}}],"line":101},"14":{"loc":{"start":{"line":108,"column":2},"end":{"line":108,"column":57}},"type":"if","locations":[{"start":{"line":108,"column":2},"end":{"line":108,"column":57}},{"start":{},"end":{}}],"line":108},"15":{"loc":{"start":{"line":126,"column":18},"end":{"line":126,"column":60}},"type":"binary-expr","locations":[{"start":{"line":126,"column":18},"end":{"line":126,"column":54}},{"start":{"line":126,"column":58},"end":{"line":126,"column":60}}],"line":126},"16":{"loc":{"start":{"line":129,"column":2},"end":{"line":132,"column":3}},"type":"if","locations":[{"start":{"line":129,"column":2},"end":{"line":132,"column":3}},{"start":{},"end":{}}],"line":129},"17":{"loc":{"start":{"line":130,"column":4},"end":{"line":130,"column":46}},"type":"if","locations":[{"start":{"line":130,"column":4},"end":{"line":130,"column":46}},{"start":{},"end":{}}],"line":130},"18":{"loc":{"start":{"line":135,"column":2},"end":{"line":137,"column":3}},"type":"if","locations":[{"start":{"line":135,"column":2},"end":{"line":137,"column":3}},{"start":{},"end":{}}],"line":135},"19":{"loc":{"start":{"line":149,"column":2},"end":{"line":149,"column":46}},"type":"if","locations":[{"start":{"line":149,"column":2},"end":{"line":149,"column":46}},{"start":{},"end":{}}],"line":149},"20":{"loc":{"start":{"line":157,"column":4},"end":{"line":157,"column":36}},"type":"if","locations":[{"start":{"line":157,"column":4},"end":{"line":157,"column":36}},{"start":{},"end":{}}],"line":157},"21":{"loc":{"start":{"line":168,"column":20},"end":{"line":168,"column":57}},"type":"binary-expr","locations":[{"start":{"line":168,"column":20},"end":{"line":168,"column":51}},{"start":{"line":168,"column":55},"end":{"line":168,"column":57}}],"line":168},"22":{"loc":{"start":{"line":169,"column":4},"end":{"line":169,"column":41}},"type":"if","locations":[{"start":{"line":169,"column":4},"end":{"line":169,"column":41}},{"start":{},"end":{}}],"line":169},"23":{"loc":{"start":{"line":169,"column":8},"end":{"line":169,"column":26}},"type":"binary-expr","locations":[{"start":{"line":169,"column":8},"end":{"line":169,"column":15}},{"start":{"line":169,"column":19},"end":{"line":169,"column":26}}],"line":169},"24":{"loc":{"start":{"line":172,"column":4},"end":{"line":175,"column":5}},"type":"if","locations":[{"start":{"line":172,"column":4},"end":{"line":175,"column":5}},{"start":{},"end":{}}],"line":172},"25":{"loc":{"start":{"line":257,"column":4},"end":{"line":259,"column":5}},"type":"if","locations":[{"start":{"line":257,"column":4},"end":{"line":259,"column":5}},{"start":{},"end":{}}],"line":257},"26":{"loc":{"start":{"line":263,"column":2},"end":{"line":263,"column":70}},"type":"if","locations":[{"start":{"line":263,"column":2},"end":{"line":263,"column":70}},{"start":{},"end":{}}],"line":263},"27":{"loc":{"start":{"line":263,"column":37},"end":{"line":263,"column":68}},"type":"binary-expr","locations":[{"start":{"line":263,"column":37},"end":{"line":263,"column":49}},{"start":{"line":263,"column":53},"end":{"line":263,"column":68}}],"line":263},"28":{"loc":{"start":{"line":330,"column":19},"end":{"line":330,"column":39}},"type":"binary-expr","locations":[{"start":{"line":330,"column":19},"end":{"line":330,"column":33}},{"start":{"line":330,"column":37},"end":{"line":330,"column":39}}],"line":330},"29":{"loc":{"start":{"line":332,"column":12},"end":{"line":332,"column":50}},"type":"binary-expr","locations":[{"start":{"line":332,"column":12},"end":{"line":332,"column":38}},{"start":{"line":332,"column":42},"end":{"line":332,"column":50}}],"line":332},"30":{"loc":{"start":{"line":334,"column":12},"end":{"line":334,"column":32}},"type":"binary-expr","locations":[{"start":{"line":334,"column":12},"end":{"line":334,"column":26}},{"start":{"line":334,"column":30},"end":{"line":334,"column":32}}],"line":334},"31":{"loc":{"start":{"line":336,"column":13},"end":{"line":336,"column":27}},"type":"binary-expr","locations":[{"start":{"line":336,"column":13},"end":{"line":336,"column":22}},{"start":{"line":336,"column":26},"end":{"line":336,"column":27}}],"line":336},"32":{"loc":{"start":{"line":337,"column":13},"end":{"line":337,"column":27}},"type":"binary-expr","locations":[{"start":{"line":337,"column":13},"end":{"line":337,"column":21}},{"start":{"line":337,"column":26},"end":{"line":337,"column":27}}],"line":337},"33":{"loc":{"start":{"line":338,"column":13},"end":{"line":338,"column":30}},"type":"binary-expr","locations":[{"start":{"line":338,"column":13},"end":{"line":338,"column":25}},{"start":{"line":338,"column":29},"end":{"line":338,"column":30}}],"line":338},"34":{"loc":{"start":{"line":340,"column":13},"end":{"line":340,"column":25}},"type":"binary-expr","locations":[{"start":{"line":340,"column":13},"end":{"line":340,"column":20}},{"start":{"line":340,"column":24},"end":{"line":340,"column":25}}],"line":340},"35":{"loc":{"start":{"line":341,"column":26},"end":{"line":341,"column":53}},"type":"binary-expr","locations":[{"start":{"line":341,"column":26},"end":{"line":341,"column":48}},{"start":{"line":341,"column":52},"end":{"line":341,"column":53}}],"line":341},"36":{"loc":{"start":{"line":354,"column":12},"end":{"line":354,"column":27}},"type":"binary-expr","locations":[{"start":{"line":354,"column":12},"end":{"line":354,"column":21}},{"start":{"line":354,"column":25},"end":{"line":354,"column":27}}],"line":354},"37":{"loc":{"start":{"line":354,"column":55},"end":{"line":354,"column":93}},"type":"binary-expr","locations":[{"start":{"line":354,"column":55},"end":{"line":354,"column":81}},{"start":{"line":354,"column":85},"end":{"line":354,"column":93}}],"line":354},"38":{"loc":{"start":{"line":359,"column":4},"end":{"line":359,"column":32}},"type":"if","locations":[{"start":{"line":359,"column":4},"end":{"line":359,"column":32}},{"start":{},"end":{}}],"line":359},"39":{"loc":{"start":{"line":360,"column":35},"end":{"line":360,"column":89}},"type":"binary-expr","locations":[{"start":{"line":360,"column":35},"end":{"line":360,"column":69}},{"start":{"line":360,"column":73},"end":{"line":360,"column":89}}],"line":360},"40":{"loc":{"start":{"line":370,"column":11},"end":{"line":370,"column":26}},"type":"binary-expr","locations":[{"start":{"line":370,"column":11},"end":{"line":370,"column":20}},{"start":{"line":370,"column":24},"end":{"line":370,"column":26}}],"line":370}},"s":{"0":1,"1":1,"2":1,"3":1,"4":1,"5":1,"6":1,"7":14,"8":18,"9":8,"10":0,"11":0,"12":0,"13":4,"14":18,"15":18,"16":0,"17":18,"18":18,"19":2,"20":1,"21":1,"22":14,"23":14,"24":0,"25":0,"26":0,"27":12,"28":12,"29":12,"30":12,"31":12,"32":5,"33":5,"34":3,"35":3,"36":2,"37":2,"38":2,"39":1,"40":1,"41":8,"42":5,"43":2,"44":3,"45":8,"46":8,"47":0,"48":8,"49":8,"50":2,"51":1,"52":1,"53":6,"54":1,"55":5,"56":5,"57":1,"58":1,"59":5,"60":0,"61":5,"62":5,"63":5,"64":5,"65":5,"66":5,"67":1,"68":4,"69":4,"70":4,"71":2,"72":2,"73":2,"74":2,"75":2,"76":0,"77":0,"78":1,"79":0,"80":0,"81":0,"82":0,"83":0,"84":5,"85":1,"86":0,"87":0,"88":0,"89":0,"90":0,"91":0,"92":0,"93":0,"94":0,"95":0,"96":0,"97":0,"98":0,"99":0,"100":0,"101":0,"102":0,"103":1,"104":0,"105":0,"106":0,"107":0,"108":0,"109":0,"110":0,"111":0,"112":0,"113":0,"114":0,"115":0,"116":0,"117":0,"118":0,"119":0,"120":0,"121":0,"122":0,"123":1,"124":0,"125":0,"126":0,"127":0,"128":0,"129":1,"130":0,"131":0,"132":0,"133":0,"134":0,"135":0,"136":0,"137":0,"138":0,"139":1,"140":5,"141":2,"142":2,"143":2,"144":0,"145":2,"146":0,"147":0,"148":0,"149":0,"150":0,"151":0,"152":0,"153":0},"f":{"0":14,"1":18,"2":8,"3":0,"4":0,"5":4,"6":18,"7":0,"8":18,"9":2,"10":14,"11":12,"12":8,"13":5,"14":5,"15":5,"16":0,"17":0,"18":5,"19":0,"20":0,"21":0,"22":0,"23":0,"24":0,"25":0,"26":0,"27":0,"28":0,"29":0,"30":0,"31":0,"32":0,"33":0,"34":0,"35":0,"36":0,"37":0,"38":0,"39":0,"40":5,"41":2,"42":0,"43":0},"b":{"0":[0,1],"1":[1,1],"2":[0,0],"3":[18],"4":[1,1],"5":[2,2,1],"6":[1,1,0],"7":[0,0],"8":[10],"9":[12,0],"10":[0,12],"11":[5,7],"12":[3,2],"13":[1,1],"14":[2,3],"15":[8,0],"16":[2,6],"17":[1,1],"18":[1,5],"19":[0,5],"20":[1,4],"21":[4,0],"22":[2,2],"23":[4,2],"24":[2,0],"25":[0,0],"26":[0,0],"27":[0,0],"28":[0,0],"29":[0,0],"30":[0,0],"31":[0,0],"32":[0,0],"33":[0,0],"34":[0,0],"35":[0,0],"36":[0,0],"37":[0,0],"38":[0,0],"39":[0,0],"40":[2,1]},"_coverageSchema":"1a1c01bbd47fc00a2c39e90264f33305004495a9","hash":"2f763cceba536c2c9ee3cce115388fd5030614d9"}
}
