TN:
SF:src\context\NotificationContext.js
FN:20,NotificationProvider
FN:30,(anonymous_1)
FN:33,(anonymous_2)
FN:41,(anonymous_3)
FN:48,(anonymous_4)
FN:59,(anonymous_5)
FN:72,(anonymous_6)
FN:93,(anonymous_7)
FN:97,(anonymous_8)
FN:115,(anonymous_9)
FN:120,(anonymous_10)
FN:145,(anonymous_11)
FN:153,(anonymous_12)
FN:155,(anonymous_13)
FN:174,(anonymous_14)
FN:177,(anonymous_15)
FN:180,(anonymous_16)
FN:183,(anonymous_17)
FN:187,(anonymous_18)
FN:211,useNotifications
FNF:20
FNH:15
FNDA:48,NotificationProvider
FNDA:39,(anonymous_1)
FNDA:76,(anonymous_2)
FNDA:27,(anonymous_3)
FNDA:33,(anonymous_4)
FNDA:3,(anonymous_5)
FNDA:28,(anonymous_6)
FNDA:6,(anonymous_7)
FNDA:12,(anonymous_8)
FNDA:3,(anonymous_9)
FNDA:6,(anonymous_10)
FNDA:0,(anonymous_11)
FNDA:27,(anonymous_12)
FNDA:27,(anonymous_13)
FNDA:0,(anonymous_14)
FNDA:0,(anonymous_15)
FNDA:0,(anonymous_16)
FNDA:0,(anonymous_17)
FNDA:27,(anonymous_18)
FNDA:32,useNotifications
DA:16,4
DA:18,4
DA:21,48
DA:22,48
DA:23,48
DA:24,48
DA:25,48
DA:26,48
DA:30,48
DA:31,39
DA:32,39
DA:33,76
DA:34,39
DA:35,39
DA:41,48
DA:42,27
DA:43,27
DA:44,27
DA:45,17
DA:46,17
DA:47,17
DA:48,33
DA:59,48
DA:60,3
DA:61,3
DA:62,3
DA:63,3
DA:64,3
DA:65,3
DA:69,3
DA:72,48
DA:73,28
DA:74,28
DA:75,28
DA:76,26
DA:78,2
DA:79,1
DA:80,1
DA:85,28
DA:91,48
DA:93,48
DA:94,6
DA:95,6
DA:97,12
DA:98,6
DA:100,6
DA:101,6
DA:102,5
DA:103,1
DA:104,1
DA:108,4
DA:109,3
DA:110,3
DA:112,1
DA:115,48
DA:116,3
DA:117,3
DA:118,3
DA:120,6
DA:121,3
DA:123,3
DA:124,3
DA:125,2
DA:126,1
DA:127,1
DA:129,1
DA:134,1
DA:135,1
DA:137,1
DA:140,1
DA:142,1
DA:145,48
DA:146,0
DA:147,0
DA:148,0
DA:150,0
DA:153,48
DA:154,27
DA:155,27
DA:156,27
DA:157,27
DA:158,27
DA:163,27
DA:164,27
DA:165,27
DA:166,0
DA:167,0
DA:174,27
DA:177,0
DA:180,27
DA:181,0
DA:182,0
DA:183,0
DA:187,27
DA:188,27
DA:189,27
DA:190,27
DA:194,48
DA:212,32
DA:213,32
DA:214,32
LF:101
LH:91
BRDA:35,0,0,39
BRDA:35,0,1,0
BRDA:44,1,0,17
BRDA:44,1,1,10
BRDA:69,2,0,3
BRDA:69,2,1,0
BRDA:76,3,0,26
BRDA:76,3,1,0
BRDA:78,4,0,1
BRDA:78,4,1,1
BRDA:97,5,0,6
BRDA:97,5,1,6
BRDA:101,6,0,5
BRDA:101,6,1,1
BRDA:102,7,0,1
BRDA:102,7,1,4
BRDA:108,8,0,1
BRDA:108,8,1,3
BRDA:115,9,0,3
BRDA:115,10,0,3
BRDA:124,11,0,2
BRDA:124,11,1,1
BRDA:125,12,0,1
BRDA:125,12,1,1
BRDA:134,13,0,1
BRDA:134,13,1,0
BRDA:137,14,0,1
BRDA:137,14,1,0
BRDA:146,15,0,0
BRDA:146,15,1,0
BRDA:157,16,0,0
BRDA:157,16,1,27
BRDA:165,17,0,0
BRDA:165,17,1,27
BRDA:165,18,0,27
BRDA:165,18,1,27
BRDA:166,19,0,0
BRDA:166,19,1,0
BRDA:181,20,0,0
BRDA:181,20,1,0
BRDA:182,21,0,0
BRDA:182,21,1,0
BRDA:213,22,0,0
BRDA:213,22,1,32
BRF:44
BRH:28
end_of_record
TN:
SF:src\services\apiService.js
FN:23,saveTokens
FN:30,getAccessToken
FN:31,getRefreshToken
FN:33,saveUser
FN:36,getUser
FN:41,clearSession
FN:46,fetchWithTimeout
FN:48,(anonymous_7)
FN:50,(anonymous_8)
FN:54,extractError
FN:62,doFetch
FN:73,request
FN:118,safeJson
FN:148,tryRefresh
FN:150,(anonymous_14)
FN:154,_doRefresh
FN:184,(anonymous_16)
FN:194,(anonymous_17)
FN:205,(anonymous_18)
FN:210,(anonymous_19)
FN:215,(anonymous_20)
FN:219,(anonymous_21)
FN:232,(anonymous_22)
FN:242,(anonymous_23)
FN:252,publicBusGet
FN:268,(anonymous_25)
FN:272,(anonymous_26)
FN:280,(anonymous_27)
FN:288,(anonymous_28)
FN:293,(anonymous_29)
FN:301,(anonymous_30)
FN:306,(anonymous_31)
FN:316,(anonymous_32)
FN:320,(anonymous_33)
FN:329,mapAttendanceResult
FN:330,(anonymous_35)
FN:347,(anonymous_36)
FN:352,(anonymous_37)
FN:354,(anonymous_38)
FN:357,(anonymous_39)
FN:366,(anonymous_40)
FN:379,(anonymous_41)
FN:388,(anonymous_42)
FN:397,(anonymous_43)
FNF:44
FNH:16
FNDA:14,saveTokens
FNDA:18,getAccessToken
FNDA:8,getRefreshToken
FNDA:0,saveUser
FNDA:0,getUser
FNDA:4,clearSession
FNDA:18,fetchWithTimeout
FNDA:0,(anonymous_7)
FNDA:18,(anonymous_8)
FNDA:2,extractError
FNDA:14,doFetch
FNDA:12,request
FNDA:8,safeJson
FNDA:5,tryRefresh
FNDA:5,(anonymous_14)
FNDA:5,_doRefresh
FNDA:0,(anonymous_16)
FNDA:0,(anonymous_17)
FNDA:5,(anonymous_18)
FNDA:0,(anonymous_19)
FNDA:0,(anonymous_20)
FNDA:0,(anonymous_21)
FNDA:0,(anonymous_22)
FNDA:0,(anonymous_23)
FNDA:0,publicBusGet
FNDA:0,(anonymous_25)
FNDA:0,(anonymous_26)
FNDA:0,(anonymous_27)
FNDA:0,(anonymous_28)
FNDA:0,(anonymous_29)
FNDA:0,(anonymous_30)
FNDA:0,(anonymous_31)
FNDA:0,(anonymous_32)
FNDA:0,(anonymous_33)
FNDA:0,mapAttendanceResult
FNDA:0,(anonymous_35)
FNDA:0,(anonymous_36)
FNDA:0,(anonymous_37)
FNDA:0,(anonymous_38)
FNDA:0,(anonymous_39)
FNDA:5,(anonymous_40)
FNDA:2,(anonymous_41)
FNDA:0,(anonymous_42)
FNDA:0,(anonymous_43)
DA:8,1
DA:9,1
DA:13,1
DA:15,1
DA:18,1
DA:19,1
DA:20,1
DA:24,14
DA:30,18
DA:31,8
DA:34,0
DA:37,0
DA:38,0
DA:42,4
DA:47,18
DA:48,18
DA:49,18
DA:50,18
DA:55,2
DA:56,1
DA:63,14
DA:64,14
DA:66,0
DA:67,0
DA:69,0
DA:74,12
DA:76,12
DA:82,12
DA:84,12
DA:87,12
DA:88,5
DA:89,5
DA:90,3
DA:91,3
DA:93,2
DA:94,2
DA:101,2
DA:102,1
DA:103,1
DA:107,8
DA:108,5
DA:109,3
DA:120,8
DA:121,8
DA:123,0
DA:126,8
DA:129,8
DA:130,2
DA:131,1
DA:135,6
DA:136,1
DA:139,5
DA:140,5
DA:142,1
DA:146,1
DA:149,5
DA:150,5
DA:151,5
DA:155,5
DA:156,5
DA:157,5
DA:159,4
DA:168,4
DA:169,4
DA:171,2
DA:172,2
DA:173,2
DA:174,2
DA:176,0
DA:178,0
DA:183,1
DA:185,0
DA:189,0
DA:190,0
DA:191,0
DA:195,0
DA:206,5
DA:207,1
DA:211,0
DA:212,0
DA:216,0
DA:222,0
DA:233,0
DA:237,0
DA:243,0
DA:247,0
DA:254,0
DA:255,0
DA:257,0
DA:258,0
DA:260,0
DA:262,0
DA:263,0
DA:264,0
DA:267,1
DA:269,0
DA:273,0
DA:274,0
DA:276,0
DA:281,0
DA:282,0
DA:284,0
DA:289,0
DA:290,0
DA:294,0
DA:295,0
DA:297,0
DA:302,0
DA:303,0
DA:307,0
DA:308,0
DA:309,0
DA:311,0
DA:317,0
DA:327,1
DA:330,0
DA:334,0
DA:335,0
DA:343,0
DA:346,1
DA:348,0
DA:349,0
DA:353,0
DA:354,0
DA:358,0
DA:359,0
DA:360,0
DA:365,1
DA:369,5
DA:370,2
DA:380,2
DA:381,2
DA:382,0
DA:384,2
DA:389,0
DA:390,0
DA:391,0
DA:393,0
DA:398,0
DA:399,0
DA:400,0
DA:402,0
LF:142
LH:73
BRDA:15,0,0,0
BRDA:15,0,1,1
BRDA:15,1,0,1
BRDA:15,1,1,1
BRDA:38,2,0,0
BRDA:38,2,1,0
BRDA:46,3,0,18
BRDA:55,4,0,1
BRDA:55,4,1,1
BRDA:55,5,0,2
BRDA:55,5,1,2
BRDA:55,5,2,1
BRDA:56,6,0,1
BRDA:56,6,1,1
BRDA:56,6,2,0
BRDA:66,7,0,0
BRDA:66,7,1,0
BRDA:73,8,0,10
BRDA:78,9,0,12
BRDA:78,9,1,0
BRDA:82,10,0,0
BRDA:82,10,1,12
BRDA:87,11,0,5
BRDA:87,11,1,7
BRDA:89,12,0,3
BRDA:89,12,1,2
BRDA:101,13,0,1
BRDA:101,13,1,1
BRDA:108,14,0,2
BRDA:108,14,1,3
BRDA:126,15,0,8
BRDA:126,15,1,0
BRDA:129,16,0,2
BRDA:129,16,1,6
BRDA:130,17,0,1
BRDA:130,17,1,1
BRDA:135,18,0,1
BRDA:135,18,1,5
BRDA:149,19,0,0
BRDA:149,19,1,5
BRDA:157,20,0,1
BRDA:157,20,1,4
BRDA:168,21,0,4
BRDA:168,21,1,0
BRDA:169,22,0,2
BRDA:169,22,1,2
BRDA:169,23,0,4
BRDA:169,23,1,2
BRDA:172,24,0,2
BRDA:172,24,1,0
BRDA:257,25,0,0
BRDA:257,25,1,0
BRDA:263,26,0,0
BRDA:263,26,1,0
BRDA:263,27,0,0
BRDA:263,27,1,0
BRDA:330,28,0,0
BRDA:330,28,1,0
BRDA:332,29,0,0
BRDA:332,29,1,0
BRDA:334,30,0,0
BRDA:334,30,1,0
BRDA:336,31,0,0
BRDA:336,31,1,0
BRDA:337,32,0,0
BRDA:337,32,1,0
BRDA:338,33,0,0
BRDA:338,33,1,0
BRDA:340,34,0,0
BRDA:340,34,1,0
BRDA:341,35,0,0
BRDA:341,35,1,0
BRDA:354,36,0,0
BRDA:354,36,1,0
BRDA:354,37,0,0
BRDA:354,37,1,0
BRDA:359,38,0,0
BRDA:359,38,1,0
BRDA:360,39,0,0
BRDA:360,39,1,0
BRDA:370,40,0,2
BRDA:370,40,1,1
BRF:82
BRH:40
end_of_record
